[2018-02-02 09:08:05 - ::1] SELECT * FROM cs_sys_page_class WHERE id='15a56ff34b3ee8' ;
[2018-02-02 09:08:05 - ::1] SELECT * FROM cs_sys_page_class WHERE id='15a56ff34b3ee8' ;
[2018-02-02 09:08:05 - ::1] SELECT * FROM cs_sys_information  ;
[2018-02-02 09:08:05 - ::1] SELECT * FROM cs_sys_information  ;
[2018-02-02 09:08:05 - ::1] SELECT * FROM cs_sys_menu  ;
[2018-02-02 09:08:05 - ::1] SELECT * FROM cs_sys_menu  ;
[2018-02-02 09:08:05 - ::1] SELECT title FROM cs_sys_page_class WHERE id='15a4073c90d3d0' ;
[2018-02-02 09:08:05 - ::1] SELECT title FROM cs_sys_page_class WHERE id='15a4073c90d3d0' ;
[2018-02-02 09:08:05 - ::1] SELECT title FROM cs_sys_page_class WHERE id='15a4df4c4eecfa' ;
[2018-02-02 09:08:05 - ::1] SELECT title FROM cs_sys_page_class WHERE id='15a4df4c4eecfa' ;
[2018-02-02 09:08:05 - ::1] SELECT title FROM cs_sys_page_class WHERE id='15a558eca93f30' ;
[2018-02-02 09:08:05 - ::1] SELECT title FROM cs_sys_page_class WHERE id='15a558eca93f30' ;
[2018-02-02 09:08:05 - ::1] SELECT title FROM cs_sys_page_class WHERE id='15a558ed0255a8' ;
[2018-02-02 09:08:05 - ::1] SELECT title FROM cs_sys_page_class WHERE id='15a558ed0255a8' ;
[2018-02-02 09:08:05 - ::1] SELECT title FROM cs_sys_page_class WHERE id='15a5714256e1b8' ;
[2018-02-02 09:08:05 - ::1] SELECT title FROM cs_sys_page_class WHERE id='15a5714256e1b8' ;
[2018-02-02 09:08:05 - ::1] SELECT title FROM cs_sys_page_class WHERE id='15a6ad505324b0' ;
[2018-02-02 09:08:05 - ::1] SELECT title FROM cs_sys_page_class WHERE id='15a6ad505324b0' ;
[2018-02-02 09:08:05 - ::1] SELECT title FROM cs_sys_page_class WHERE id='15a6ae3260c350' ;
[2018-02-02 09:08:05 - ::1] SELECT title FROM cs_sys_page_class WHERE id='15a6ae3260c350' ;
[2018-02-02 09:08:05 - ::1] SELECT title FROM cs_sys_page_class WHERE id='15a6af71f01f40' ;
[2018-02-02 09:08:05 - ::1] SELECT title FROM cs_sys_page_class WHERE id='15a6af71f01f40' ;
[2018-02-02 09:08:05 - ::1] SELECT title FROM cs_sys_page_class WHERE id='15a56ff34b3ee8' ;
[2018-02-02 09:08:05 - ::1] SELECT title FROM cs_sys_page_class WHERE id='15a56ff34b3ee8' ;
[2018-02-02 09:08:05 - ::1] SELECT title FROM cs_sys_page_class WHERE id='15a6af42b76a70' ;
[2018-02-02 09:08:05 - ::1] SELECT title FROM cs_sys_page_class WHERE id='15a6af42b76a70' ;
[2018-02-02 09:08:05 - ::1] SELECT * FROM cs_sys_page WHERE parentID='15a56ff34b3ee8' ORDER BY sortTime ASC, sequence ASC, createTime DESC;
[2018-02-02 09:08:05 - ::1] SELECT id, title FROM cs_sys_page_class WHERE id='15a56ff34b3ee8' ;
[2018-02-02 09:08:05 - ::1] SELECT id, title FROM cs_sys_page_class WHERE id='15a56ff34b3ee8' ;
[2018-02-02 09:08:05 - ::1] SELECT * FROM cs_sys_widget WHERE id='15a56fd3fa3548' ;
[2018-02-02 09:08:05 - ::1] SELECT * FROM cs_sys_widget WHERE id='15a56fd3fa3548' ;
[2018-02-02 09:08:05 - ::1] SELECT * FROM cs_sys_information  ;
[2018-02-02 09:08:05 - ::1] SELECT * FROM cs_sys_information  ;
[2018-02-02 09:08:05 - ::1] SELECT * FROM cs_sys_information  ;
[2018-02-02 09:08:05 - ::1] SELECT * FROM cs_sys_information  ;
[2018-02-02 09:08:05 - ::1] SELECT * FROM cs_order  ORDER BY topTime DESC, sortTime ASC, sequence ASC, createTime DESC;
[2018-02-02 09:08:05 - ::1] SELECT * FROM cs_order  ORDER BY topTime DESC, sortTime ASC, sequence ASC, createTime DESC;
[2018-02-02 09:08:08 - ::1] SELECT * FROM cs_sys_page_class WHERE id='15a6af42b76a70' ;
[2018-02-02 09:08:08 - ::1] SELECT * FROM cs_sys_page_class WHERE id='15a6af42b76a70' ;
[2018-02-02 09:08:08 - ::1] SELECT * FROM cs_sys_information  ;
[2018-02-02 09:08:08 - ::1] SELECT * FROM cs_sys_information  ;
[2018-02-02 09:08:08 - ::1] SELECT * FROM cs_sys_menu  ;
[2018-02-02 09:08:08 - ::1] SELECT * FROM cs_sys_menu  ;
[2018-02-02 09:08:08 - ::1] SELECT title FROM cs_sys_page_class WHERE id='15a4073c90d3d0' ;
[2018-02-02 09:08:08 - ::1] SELECT title FROM cs_sys_page_class WHERE id='15a4073c90d3d0' ;
[2018-02-02 09:08:08 - ::1] SELECT title FROM cs_sys_page_class WHERE id='15a4df4c4eecfa' ;
[2018-02-02 09:08:08 - ::1] SELECT title FROM cs_sys_page_class WHERE id='15a4df4c4eecfa' ;
[2018-02-02 09:08:08 - ::1] SELECT title FROM cs_sys_page_class WHERE id='15a558eca93f30' ;
[2018-02-02 09:08:08 - ::1] SELECT title FROM cs_sys_page_class WHERE id='15a558eca93f30' ;
[2018-02-02 09:08:08 - ::1] SELECT title FROM cs_sys_page_class WHERE id='15a558ed0255a8' ;
[2018-02-02 09:08:08 - ::1] SELECT title FROM cs_sys_page_class WHERE id='15a558ed0255a8' ;
[2018-02-02 09:08:08 - ::1] SELECT title FROM cs_sys_page_class WHERE id='15a5714256e1b8' ;
[2018-02-02 09:08:08 - ::1] SELECT title FROM cs_sys_page_class WHERE id='15a5714256e1b8' ;
[2018-02-02 09:08:08 - ::1] SELECT title FROM cs_sys_page_class WHERE id='15a6ad505324b0' ;
[2018-02-02 09:08:08 - ::1] SELECT title FROM cs_sys_page_class WHERE id='15a6ad505324b0' ;
[2018-02-02 09:08:08 - ::1] SELECT title FROM cs_sys_page_class WHERE id='15a6ae3260c350' ;
[2018-02-02 09:08:08 - ::1] SELECT title FROM cs_sys_page_class WHERE id='15a6ae3260c350' ;
[2018-02-02 09:08:08 - ::1] SELECT title FROM cs_sys_page_class WHERE id='15a6af71f01f40' ;
[2018-02-02 09:08:08 - ::1] SELECT title FROM cs_sys_page_class WHERE id='15a6af71f01f40' ;
[2018-02-02 09:08:08 - ::1] SELECT title FROM cs_sys_page_class WHERE id='15a56ff34b3ee8' ;
[2018-02-02 09:08:08 - ::1] SELECT title FROM cs_sys_page_class WHERE id='15a56ff34b3ee8' ;
[2018-02-02 09:08:08 - ::1] SELECT title FROM cs_sys_page_class WHERE id='15a6af42b76a70' ;
[2018-02-02 09:08:08 - ::1] SELECT title FROM cs_sys_page_class WHERE id='15a6af42b76a70' ;
[2018-02-02 09:08:08 - ::1] SELECT * FROM cs_sys_page WHERE parentID='15a6af42b76a70' ORDER BY sortTime ASC, sequence ASC, createTime DESC;
[2018-02-02 09:08:08 - ::1] SELECT id, title FROM cs_sys_page_class WHERE id='15a6af42b76a70' ;
[2018-02-02 09:08:08 - ::1] SELECT id, title FROM cs_sys_page_class WHERE id='15a6af42b76a70' ;
[2018-02-02 09:08:08 - ::1] SELECT * FROM cs_sys_widget WHERE id='15a6af413900b0' ;
[2018-02-02 09:08:08 - ::1] SELECT * FROM cs_sys_widget WHERE id='15a6af413900b0' ;
[2018-02-02 09:08:08 - ::1] SELECT * FROM cs_sys_information  ;
[2018-02-02 09:08:08 - ::1] SELECT * FROM cs_sys_information  ;
[2018-02-02 09:08:08 - ::1] SELECT * FROM cs_sys_information  ;
[2018-02-02 09:08:08 - ::1] SELECT * FROM cs_sys_information  ;
[2018-02-02 09:08:08 - ::1] SELECT * FROM cs_product  ORDER BY topTime DESC, sortTime ASC, sequence ASC, createTime DESC;
[2018-02-02 09:08:08 - ::1] SELECT * FROM cs_product  ORDER BY topTime DESC, sortTime ASC, sequence ASC, createTime DESC;
[2018-02-02 09:08:08 - ::1] SELECT * FROM cs_brand  ;
[2018-02-02 09:08:08 - ::1] SELECT * FROM cs_brand  ;
[2018-02-02 09:11:56 - ::1] SELECT id, name, cheapest, img, price FROM cs_product WHERE publish='Y' ;
[2018-02-02 09:19:52 - ::1] SELECT * FROM cs_sys_page_class WHERE id='15a56ff34b3ee8' ;
[2018-02-02 09:19:52 - ::1] SELECT * FROM cs_sys_page_class WHERE id='15a56ff34b3ee8' ;
[2018-02-02 09:19:52 - ::1] SELECT * FROM cs_sys_information  ;
[2018-02-02 09:19:52 - ::1] SELECT * FROM cs_sys_information  ;
[2018-02-02 09:19:52 - ::1] SELECT * FROM cs_sys_menu  ;
[2018-02-02 09:19:52 - ::1] SELECT * FROM cs_sys_menu  ;
[2018-02-02 09:19:52 - ::1] SELECT title FROM cs_sys_page_class WHERE id='15a4073c90d3d0' ;
[2018-02-02 09:19:52 - ::1] SELECT title FROM cs_sys_page_class WHERE id='15a4073c90d3d0' ;
[2018-02-02 09:19:52 - ::1] SELECT title FROM cs_sys_page_class WHERE id='15a4df4c4eecfa' ;
[2018-02-02 09:19:52 - ::1] SELECT title FROM cs_sys_page_class WHERE id='15a4df4c4eecfa' ;
[2018-02-02 09:19:52 - ::1] SELECT title FROM cs_sys_page_class WHERE id='15a558eca93f30' ;
[2018-02-02 09:19:52 - ::1] SELECT title FROM cs_sys_page_class WHERE id='15a558eca93f30' ;
[2018-02-02 09:19:52 - ::1] SELECT title FROM cs_sys_page_class WHERE id='15a558ed0255a8' ;
[2018-02-02 09:19:52 - ::1] SELECT title FROM cs_sys_page_class WHERE id='15a558ed0255a8' ;
[2018-02-02 09:19:52 - ::1] SELECT title FROM cs_sys_page_class WHERE id='15a5714256e1b8' ;
[2018-02-02 09:19:52 - ::1] SELECT title FROM cs_sys_page_class WHERE id='15a5714256e1b8' ;
[2018-02-02 09:19:52 - ::1] SELECT title FROM cs_sys_page_class WHERE id='15a6ad505324b0' ;
[2018-02-02 09:19:52 - ::1] SELECT title FROM cs_sys_page_class WHERE id='15a6ad505324b0' ;
[2018-02-02 09:19:52 - ::1] SELECT title FROM cs_sys_page_class WHERE id='15a6ae3260c350' ;
[2018-02-02 09:19:52 - ::1] SELECT title FROM cs_sys_page_class WHERE id='15a6ae3260c350' ;
[2018-02-02 09:19:52 - ::1] SELECT title FROM cs_sys_page_class WHERE id='15a6af71f01f40' ;
[2018-02-02 09:19:52 - ::1] SELECT title FROM cs_sys_page_class WHERE id='15a6af71f01f40' ;
[2018-02-02 09:19:52 - ::1] SELECT title FROM cs_sys_page_class WHERE id='15a56ff34b3ee8' ;
[2018-02-02 09:19:52 - ::1] SELECT title FROM cs_sys_page_class WHERE id='15a56ff34b3ee8' ;
[2018-02-02 09:19:52 - ::1] SELECT title FROM cs_sys_page_class WHERE id='15a6af42b76a70' ;
[2018-02-02 09:19:52 - ::1] SELECT title FROM cs_sys_page_class WHERE id='15a6af42b76a70' ;
[2018-02-02 09:19:52 - ::1] SELECT * FROM cs_sys_page WHERE parentID='15a56ff34b3ee8' ORDER BY sortTime ASC, sequence ASC, createTime DESC;
[2018-02-02 09:19:52 - ::1] SELECT id, title FROM cs_sys_page_class WHERE id='15a56ff34b3ee8' ;
[2018-02-02 09:19:52 - ::1] SELECT id, title FROM cs_sys_page_class WHERE id='15a56ff34b3ee8' ;
[2018-02-02 09:19:52 - ::1] SELECT * FROM cs_sys_widget WHERE id='15a56fd3fa3548' ;
[2018-02-02 09:19:52 - ::1] SELECT * FROM cs_sys_widget WHERE id='15a56fd3fa3548' ;
[2018-02-02 09:19:52 - ::1] SELECT * FROM cs_sys_information  ;
[2018-02-02 09:19:52 - ::1] SELECT * FROM cs_sys_information  ;
[2018-02-02 09:19:52 - ::1] SELECT * FROM cs_sys_information  ;
[2018-02-02 09:19:52 - ::1] SELECT * FROM cs_sys_information  ;
[2018-02-02 09:19:52 - ::1] SELECT * FROM cs_order  ORDER BY topTime DESC, sortTime ASC, sequence ASC, createTime DESC;
[2018-02-02 09:19:52 - ::1] SELECT * FROM cs_order  ORDER BY topTime DESC, sortTime ASC, sequence ASC, createTime DESC;
[2018-02-02 09:19:55 - ::1] SELECT * FROM cs_sys_page_class WHERE id='15a6af42b76a70' ;
[2018-02-02 09:19:55 - ::1] SELECT * FROM cs_sys_page_class WHERE id='15a6af42b76a70' ;
[2018-02-02 09:19:55 - ::1] SELECT * FROM cs_sys_information  ;
[2018-02-02 09:19:55 - ::1] SELECT * FROM cs_sys_information  ;
[2018-02-02 09:19:55 - ::1] SELECT * FROM cs_sys_menu  ;
[2018-02-02 09:19:55 - ::1] SELECT * FROM cs_sys_menu  ;
[2018-02-02 09:19:55 - ::1] SELECT title FROM cs_sys_page_class WHERE id='15a4073c90d3d0' ;
[2018-02-02 09:19:55 - ::1] SELECT title FROM cs_sys_page_class WHERE id='15a4073c90d3d0' ;
[2018-02-02 09:19:55 - ::1] SELECT title FROM cs_sys_page_class WHERE id='15a4df4c4eecfa' ;
[2018-02-02 09:19:55 - ::1] SELECT title FROM cs_sys_page_class WHERE id='15a4df4c4eecfa' ;
[2018-02-02 09:19:55 - ::1] SELECT title FROM cs_sys_page_class WHERE id='15a558eca93f30' ;
[2018-02-02 09:19:55 - ::1] SELECT title FROM cs_sys_page_class WHERE id='15a558eca93f30' ;
[2018-02-02 09:19:55 - ::1] SELECT title FROM cs_sys_page_class WHERE id='15a558ed0255a8' ;
[2018-02-02 09:19:55 - ::1] SELECT title FROM cs_sys_page_class WHERE id='15a558ed0255a8' ;
[2018-02-02 09:19:55 - ::1] SELECT title FROM cs_sys_page_class WHERE id='15a5714256e1b8' ;
[2018-02-02 09:19:55 - ::1] SELECT title FROM cs_sys_page_class WHERE id='15a5714256e1b8' ;
[2018-02-02 09:19:55 - ::1] SELECT title FROM cs_sys_page_class WHERE id='15a6ad505324b0' ;
[2018-02-02 09:19:55 - ::1] SELECT title FROM cs_sys_page_class WHERE id='15a6ad505324b0' ;
[2018-02-02 09:19:55 - ::1] SELECT title FROM cs_sys_page_class WHERE id='15a6ae3260c350' ;
[2018-02-02 09:19:55 - ::1] SELECT title FROM cs_sys_page_class WHERE id='15a6ae3260c350' ;
[2018-02-02 09:19:55 - ::1] SELECT title FROM cs_sys_page_class WHERE id='15a6af71f01f40' ;
[2018-02-02 09:19:55 - ::1] SELECT title FROM cs_sys_page_class WHERE id='15a6af71f01f40' ;
[2018-02-02 09:19:55 - ::1] SELECT title FROM cs_sys_page_class WHERE id='15a56ff34b3ee8' ;
[2018-02-02 09:19:55 - ::1] SELECT title FROM cs_sys_page_class WHERE id='15a56ff34b3ee8' ;
[2018-02-02 09:19:55 - ::1] SELECT title FROM cs_sys_page_class WHERE id='15a6af42b76a70' ;
[2018-02-02 09:19:55 - ::1] SELECT title FROM cs_sys_page_class WHERE id='15a6af42b76a70' ;
[2018-02-02 09:19:55 - ::1] SELECT * FROM cs_sys_page WHERE parentID='15a6af42b76a70' ORDER BY sortTime ASC, sequence ASC, createTime DESC;
[2018-02-02 09:19:55 - ::1] SELECT id, title FROM cs_sys_page_class WHERE id='15a6af42b76a70' ;
[2018-02-02 09:19:55 - ::1] SELECT id, title FROM cs_sys_page_class WHERE id='15a6af42b76a70' ;
[2018-02-02 09:19:55 - ::1] SELECT * FROM cs_sys_widget WHERE id='15a6af413900b0' ;
[2018-02-02 09:19:55 - ::1] SELECT * FROM cs_sys_widget WHERE id='15a6af413900b0' ;
[2018-02-02 09:19:55 - ::1] SELECT * FROM cs_sys_information  ;
[2018-02-02 09:19:55 - ::1] SELECT * FROM cs_sys_information  ;
[2018-02-02 09:19:55 - ::1] SELECT * FROM cs_sys_information  ;
[2018-02-02 09:19:55 - ::1] SELECT * FROM cs_sys_information  ;
[2018-02-02 09:19:55 - ::1] SELECT * FROM cs_product  ORDER BY topTime DESC, sortTime ASC, sequence ASC, createTime DESC;
[2018-02-02 09:19:55 - ::1] SELECT * FROM cs_product  ORDER BY topTime DESC, sortTime ASC, sequence ASC, createTime DESC;
[2018-02-02 09:19:55 - ::1] SELECT * FROM cs_brand  ;
[2018-02-02 09:19:55 - ::1] SELECT * FROM cs_brand  ;
[2018-02-02 09:19:57 - ::1] SELECT * FROM cs_sys_page_class WHERE id='15a6ad505324b0' ;
[2018-02-02 09:19:57 - ::1] SELECT * FROM cs_sys_page_class WHERE id='15a6ad505324b0' ;
[2018-02-02 09:19:57 - ::1] SELECT * FROM cs_sys_information  ;
[2018-02-02 09:19:57 - ::1] SELECT * FROM cs_sys_information  ;
[2018-02-02 09:19:57 - ::1] SELECT * FROM cs_sys_menu  ;
[2018-02-02 09:19:57 - ::1] SELECT * FROM cs_sys_menu  ;
[2018-02-02 09:19:57 - ::1] SELECT title FROM cs_sys_page_class WHERE id='15a4073c90d3d0' ;
[2018-02-02 09:19:57 - ::1] SELECT title FROM cs_sys_page_class WHERE id='15a4073c90d3d0' ;
[2018-02-02 09:19:57 - ::1] SELECT title FROM cs_sys_page_class WHERE id='15a4df4c4eecfa' ;
[2018-02-02 09:19:57 - ::1] SELECT title FROM cs_sys_page_class WHERE id='15a4df4c4eecfa' ;
[2018-02-02 09:19:57 - ::1] SELECT title FROM cs_sys_page_class WHERE id='15a558eca93f30' ;
[2018-02-02 09:19:57 - ::1] SELECT title FROM cs_sys_page_class WHERE id='15a558eca93f30' ;
[2018-02-02 09:19:57 - ::1] SELECT title FROM cs_sys_page_class WHERE id='15a558ed0255a8' ;
[2018-02-02 09:19:57 - ::1] SELECT title FROM cs_sys_page_class WHERE id='15a558ed0255a8' ;
[2018-02-02 09:19:57 - ::1] SELECT title FROM cs_sys_page_class WHERE id='15a5714256e1b8' ;
[2018-02-02 09:19:57 - ::1] SELECT title FROM cs_sys_page_class WHERE id='15a5714256e1b8' ;
[2018-02-02 09:19:57 - ::1] SELECT title FROM cs_sys_page_class WHERE id='15a6ad505324b0' ;
[2018-02-02 09:19:57 - ::1] SELECT title FROM cs_sys_page_class WHERE id='15a6ad505324b0' ;
[2018-02-02 09:19:57 - ::1] SELECT title FROM cs_sys_page_class WHERE id='15a6ae3260c350' ;
[2018-02-02 09:19:57 - ::1] SELECT title FROM cs_sys_page_class WHERE id='15a6ae3260c350' ;
[2018-02-02 09:19:57 - ::1] SELECT title FROM cs_sys_page_class WHERE id='15a6af71f01f40' ;
[2018-02-02 09:19:57 - ::1] SELECT title FROM cs_sys_page_class WHERE id='15a6af71f01f40' ;
[2018-02-02 09:19:57 - ::1] SELECT title FROM cs_sys_page_class WHERE id='15a56ff34b3ee8' ;
[2018-02-02 09:19:57 - ::1] SELECT title FROM cs_sys_page_class WHERE id='15a56ff34b3ee8' ;
[2018-02-02 09:19:57 - ::1] SELECT title FROM cs_sys_page_class WHERE id='15a6af42b76a70' ;
[2018-02-02 09:19:57 - ::1] SELECT title FROM cs_sys_page_class WHERE id='15a6af42b76a70' ;
[2018-02-02 09:19:57 - ::1] SELECT * FROM cs_sys_page WHERE parentID='15a6ad505324b0' ORDER BY sortTime ASC, sequence ASC, createTime DESC;
[2018-02-02 09:19:57 - ::1] SELECT id, title FROM cs_sys_page_class WHERE id='15a6ad505324b0' ;
[2018-02-02 09:19:57 - ::1] SELECT id, title FROM cs_sys_page_class WHERE id='15a6ad505324b0' ;
[2018-02-02 09:19:57 - ::1] SELECT * FROM cs_sys_widget WHERE id='15a6ad4f89f6c8' ;
[2018-02-02 09:19:57 - ::1] SELECT * FROM cs_sys_widget WHERE id='15a6ad4f89f6c8' ;
[2018-02-02 09:19:57 - ::1] SELECT * FROM cs_sys_information  ;
[2018-02-02 09:19:57 - ::1] SELECT * FROM cs_sys_information  ;
[2018-02-02 09:19:57 - ::1] SELECT * FROM cs_sys_information  ;
[2018-02-02 09:19:57 - ::1] SELECT * FROM cs_sys_information  ;
[2018-02-02 09:19:57 - ::1] SELECT * FROM cs_brand  ORDER BY topTime DESC, sortTime ASC, sequence ASC, createTime DESC;
[2018-02-02 09:19:57 - ::1] SELECT * FROM cs_brand  ORDER BY topTime DESC, sortTime ASC, sequence ASC, createTime DESC;
[2018-02-02 09:19:59 - ::1] SELECT * FROM cs_sys_widget WHERE id='15a6ad4f89f6c8' ;
[2018-02-02 09:19:59 - ::1] SELECT * FROM cs_sys_widget WHERE id='15a6ad4f89f6c8' ;
[2018-02-02 09:19:59 - ::1] SELECT * FROM cs_sys_information  ;
[2018-02-02 09:19:59 - ::1] SELECT * FROM cs_sys_information  ;
[2018-02-02 09:19:59 - ::1] SELECT * FROM cs_sys_information  ;
[2018-02-02 09:19:59 - ::1] SELECT * FROM cs_sys_information  ;
[2018-02-02 09:19:59 - ::1] SELECT * FROM cs_brand  ORDER BY topTime DESC, sortTime ASC, sequence ASC, createTime DESC;
[2018-02-02 09:19:59 - ::1] SELECT * FROM cs_brand  ORDER BY topTime DESC, sortTime ASC, sequence ASC, createTime DESC;
[2018-02-02 09:20:01 - ::1] SELECT * FROM cs_sys_widget WHERE id='15a6ad4f89f6c8' ;
[2018-02-02 09:20:01 - ::1] SELECT * FROM cs_sys_widget WHERE id='15a6ad4f89f6c8' ;
[2018-02-02 09:20:02 - ::1] SELECT * FROM cs_sys_information  ;
[2018-02-02 09:20:02 - ::1] SELECT * FROM cs_sys_information  ;
[2018-02-02 09:20:02 - ::1] SELECT * FROM cs_sys_information  ;
[2018-02-02 09:20:02 - ::1] SELECT * FROM cs_sys_information  ;
[2018-02-02 09:20:02 - ::1] SELECT * FROM cs_brand  ORDER BY topTime DESC, sortTime ASC, sequence ASC, createTime DESC;
[2018-02-02 09:20:02 - ::1] SELECT * FROM cs_brand  ORDER BY topTime DESC, sortTime ASC, sequence ASC, createTime DESC;
[2018-02-02 09:20:04 - ::1] SELECT * FROM cs_sys_widget WHERE id='15a6ad4f89f6c8' ;
[2018-02-02 09:20:04 - ::1] SELECT * FROM cs_sys_widget WHERE id='15a6ad4f89f6c8' ;
[2018-02-02 09:20:04 - ::1] SELECT * FROM cs_sys_information  ;
[2018-02-02 09:20:04 - ::1] SELECT * FROM cs_sys_information  ;
[2018-02-02 09:20:04 - ::1] SELECT * FROM cs_sys_information  ;
[2018-02-02 09:20:04 - ::1] SELECT * FROM cs_sys_information  ;
[2018-02-02 09:20:04 - ::1] SELECT * FROM cs_brand  ORDER BY topTime DESC, sortTime ASC, sequence ASC, createTime DESC;
[2018-02-02 09:20:04 - ::1] SELECT * FROM cs_brand  ORDER BY topTime DESC, sortTime ASC, sequence ASC, createTime DESC;
[2018-02-02 13:36:41 - ::1] SELECT * FROM cs_brand  ORDER BY sequence;
[2018-02-02 13:38:12 - ::1] SELECT * FROM cs_brand  ORDER BY sequence;
[2018-02-02 13:39:13 - ::1] SELECT * FROM cs_brand  ORDER BY sequence;
[2018-02-02 13:39:37 - ::1] SELECT * FROM cs_brand  ORDER BY sequence;
[2018-02-02 13:40:29 - ::1] SELECT * FROM cs_brand  ORDER BY sequence;
[2018-02-02 13:42:03 - ::1] SELECT * FROM cs_brand  ORDER BY sequence;
[2018-02-02 13:42:29 - ::1] SELECT * FROM cs_brand  ORDER BY sequence;
[2018-02-02 13:42:42 - ::1] SELECT * FROM cs_brand  ORDER BY sequence;
[2018-02-02 13:45:46 - ::1] SELECT id, name, cheapest, img, price FROM cs_product WHERE publish='Y' ;
[2018-02-02 13:53:31 - ::1] SELECT * FROM cs_brand  ORDER BY sequence;
[2018-02-02 13:53:34 - ::1] SELECT id, name, cheapest, img, price FROM cs_product WHERE publish='Y' ;
[2018-02-02 13:54:43 - ::1] SELECT *, b.title brandname FROM cs_product c inner join cs_brand b on c.brand=b.id WHERE c.publish='Y' AND c.id='15a6b1b95831a8' ;
[2018-02-02 13:54:43 - ::1] SELECT *, b.title brandname FROM cs_product c inner join cs_brand b on c.brand=b.id WHERE c.publish='Y' AND c.id='15a6b1b95831a8' ;
[2018-02-02 13:54:43 - ::1] SELECT * FROM cs_color WHERE id in ('15a40742e9d868','15a40743ad3b98') ;
[2018-02-02 13:54:43 - ::1] SELECT * FROM cs_size_class WHERE id in ('15a6b15968a2f0','15a6b15e3bbbe8','15a6b15e8343f0') ;
[2018-02-02 13:56:34 - ::1] SELECT id, name, cheapest, img, price FROM cs_product WHERE publish='Y' ;
[2018-02-02 14:00:40 - ::1] SELECT *, b.title brandname FROM cs_product c inner join cs_brand b on c.brand=b.id WHERE c.publish='Y' AND c.id='15a6b1b95831a8' ;
[2018-02-02 14:00:40 - ::1] SELECT *, b.title brandname FROM cs_product c inner join cs_brand b on c.brand=b.id WHERE c.publish='Y' AND c.id='15a6b1b95831a8' ;
[2018-02-02 14:00:40 - ::1] SELECT * FROM cs_color WHERE id in ('15a40742e9d868','15a40743ad3b98') ;
[2018-02-02 14:00:40 - ::1] SELECT * FROM cs_size_class WHERE id in ('15a6b15968a2f0','15a6b15e3bbbe8','15a6b15e8343f0') ;
