[2018-01-29 16:16:50 - ::1] SELECT * FROM cs_sys_information  ;
[2018-01-29 16:16:50 - ::1] SELECT * FROM cs_sys_information  ;
[2018-01-29 16:16:54 - ::1] SELECT id, data_source, authority FROM cs_sys_member WHERE admin_login='Y' ;
[2018-01-29 16:16:54 - ::1] SELECT * FROM cs_sys_admin WHERE account='admin' AND password='123456' ;
[2018-01-29 16:16:54 - ::1] SELECT * FROM cs_sys_admin WHERE account='admin' AND password='123456' ;
[2018-01-29 16:16:55 - ::1] SELECT * FROM cs_sys_page_class WHERE id='' ;
[2018-01-29 16:16:55 - ::1] SELECT * FROM cs_sys_page_class WHERE id='' ;
[2018-01-29 16:16:55 - ::1] DESCRIBE cs_sys_page_class;
[2018-01-29 16:16:55 - ::1] SELECT * FROM cs_sys_information  ;
[2018-01-29 16:16:55 - ::1] SELECT * FROM cs_sys_information  ;
[2018-01-29 16:16:55 - ::1] SELECT * FROM cs_sys_menu  ;
[2018-01-29 16:16:55 - ::1] SELECT * FROM cs_sys_menu  ;
[2018-01-29 16:16:55 - ::1] SELECT title FROM cs_sys_page_class WHERE id='15a4073c90d3d0' ;
[2018-01-29 16:16:55 - ::1] SELECT title FROM cs_sys_page_class WHERE id='15a4073c90d3d0' ;
[2018-01-29 16:16:55 - ::1] SELECT title FROM cs_sys_page_class WHERE id='15a4df4c4eecfa' ;
[2018-01-29 16:16:55 - ::1] SELECT title FROM cs_sys_page_class WHERE id='15a4df4c4eecfa' ;
[2018-01-29 16:16:55 - ::1] SELECT title FROM cs_sys_page_class WHERE id='15a558eca93f30' ;
[2018-01-29 16:16:55 - ::1] SELECT title FROM cs_sys_page_class WHERE id='15a558eca93f30' ;
[2018-01-29 16:16:55 - ::1] SELECT title FROM cs_sys_page_class WHERE id='15a558ed0255a8' ;
[2018-01-29 16:16:55 - ::1] SELECT title FROM cs_sys_page_class WHERE id='15a558ed0255a8' ;
[2018-01-29 16:16:55 - ::1] SELECT title FROM cs_sys_page_class WHERE id='15a5714256e1b8' ;
[2018-01-29 16:16:55 - ::1] SELECT title FROM cs_sys_page_class WHERE id='15a5714256e1b8' ;
[2018-01-29 16:16:55 - ::1] SELECT title FROM cs_sys_page_class WHERE id='15a6ad505324b0' ;
[2018-01-29 16:16:55 - ::1] SELECT title FROM cs_sys_page_class WHERE id='15a6ad505324b0' ;
[2018-01-29 16:16:55 - ::1] SELECT title FROM cs_sys_page_class WHERE id='15a6ae3260c350' ;
[2018-01-29 16:16:55 - ::1] SELECT title FROM cs_sys_page_class WHERE id='15a6ae3260c350' ;
[2018-01-29 16:16:55 - ::1] SELECT title FROM cs_sys_page_class WHERE id='15a6af71f01f40' ;
[2018-01-29 16:16:55 - ::1] SELECT title FROM cs_sys_page_class WHERE id='15a6af71f01f40' ;
[2018-01-29 16:16:55 - ::1] SELECT title FROM cs_sys_page_class WHERE id='15a56ff34b3ee8' ;
[2018-01-29 16:16:55 - ::1] SELECT title FROM cs_sys_page_class WHERE id='15a56ff34b3ee8' ;
[2018-01-29 16:16:55 - ::1] SELECT title FROM cs_sys_page_class WHERE id='15a6af42b76a70' ;
[2018-01-29 16:16:55 - ::1] SELECT title FROM cs_sys_page_class WHERE id='15a6af42b76a70' ;
[2018-01-29 16:16:55 - ::1] SELECT id FROM cs_sys_page_class WHERE landing='Y' ;
[2018-01-29 16:16:55 - ::1] SELECT id FROM cs_sys_page_class WHERE landing='Y' ;
[2018-01-29 16:16:55 - ::1] DESCRIBE cs_sys_page_class;
[2018-01-29 16:16:55 - ::1] SELECT id, title FROM cs_sys_page_class WHERE landing='Y' ;
[2018-01-29 16:16:55 - ::1] SELECT id, title FROM cs_sys_page_class WHERE landing='Y' ;
[2018-01-29 16:16:55 - ::1] DESCRIBE cs_sys_page_class;
[2018-01-29 16:16:57 - ::1] SELECT * FROM cs_sys_page_class WHERE id='15a6af42b76a70' ;
[2018-01-29 16:16:57 - ::1] SELECT * FROM cs_sys_page_class WHERE id='15a6af42b76a70' ;
[2018-01-29 16:16:57 - ::1] SELECT * FROM cs_sys_information  ;
[2018-01-29 16:16:57 - ::1] SELECT * FROM cs_sys_information  ;
[2018-01-29 16:16:57 - ::1] SELECT * FROM cs_sys_menu  ;
[2018-01-29 16:16:57 - ::1] SELECT * FROM cs_sys_menu  ;
[2018-01-29 16:16:57 - ::1] SELECT title FROM cs_sys_page_class WHERE id='15a4073c90d3d0' ;
[2018-01-29 16:16:57 - ::1] SELECT title FROM cs_sys_page_class WHERE id='15a4073c90d3d0' ;
[2018-01-29 16:16:57 - ::1] SELECT title FROM cs_sys_page_class WHERE id='15a4df4c4eecfa' ;
[2018-01-29 16:16:57 - ::1] SELECT title FROM cs_sys_page_class WHERE id='15a4df4c4eecfa' ;
[2018-01-29 16:16:57 - ::1] SELECT title FROM cs_sys_page_class WHERE id='15a558eca93f30' ;
[2018-01-29 16:16:57 - ::1] SELECT title FROM cs_sys_page_class WHERE id='15a558eca93f30' ;
[2018-01-29 16:16:57 - ::1] SELECT title FROM cs_sys_page_class WHERE id='15a558ed0255a8' ;
[2018-01-29 16:16:57 - ::1] SELECT title FROM cs_sys_page_class WHERE id='15a558ed0255a8' ;
[2018-01-29 16:16:57 - ::1] SELECT title FROM cs_sys_page_class WHERE id='15a5714256e1b8' ;
[2018-01-29 16:16:57 - ::1] SELECT title FROM cs_sys_page_class WHERE id='15a5714256e1b8' ;
[2018-01-29 16:16:57 - ::1] SELECT title FROM cs_sys_page_class WHERE id='15a6ad505324b0' ;
[2018-01-29 16:16:57 - ::1] SELECT title FROM cs_sys_page_class WHERE id='15a6ad505324b0' ;
[2018-01-29 16:16:57 - ::1] SELECT title FROM cs_sys_page_class WHERE id='15a6ae3260c350' ;
[2018-01-29 16:16:58 - ::1] SELECT title FROM cs_sys_page_class WHERE id='15a6ae3260c350' ;
[2018-01-29 16:16:58 - ::1] SELECT title FROM cs_sys_page_class WHERE id='15a6af71f01f40' ;
[2018-01-29 16:16:58 - ::1] SELECT title FROM cs_sys_page_class WHERE id='15a6af71f01f40' ;
[2018-01-29 16:16:58 - ::1] SELECT title FROM cs_sys_page_class WHERE id='15a56ff34b3ee8' ;
[2018-01-29 16:16:58 - ::1] SELECT title FROM cs_sys_page_class WHERE id='15a56ff34b3ee8' ;
[2018-01-29 16:16:58 - ::1] SELECT title FROM cs_sys_page_class WHERE id='15a6af42b76a70' ;
[2018-01-29 16:16:58 - ::1] SELECT title FROM cs_sys_page_class WHERE id='15a6af42b76a70' ;
[2018-01-29 16:16:58 - ::1] SELECT * FROM cs_sys_page WHERE parentID='15a6af42b76a70' ORDER BY sortTime ASC, sequence ASC, createTime DESC;
[2018-01-29 16:16:58 - ::1] SELECT id, title FROM cs_sys_page_class WHERE id='15a6af42b76a70' ;
[2018-01-29 16:16:58 - ::1] SELECT id, title FROM cs_sys_page_class WHERE id='15a6af42b76a70' ;
[2018-01-29 16:16:58 - ::1] SELECT * FROM cs_sys_widget WHERE id='15a6af413900b0' ;
[2018-01-29 16:16:58 - ::1] SELECT * FROM cs_sys_widget WHERE id='15a6af413900b0' ;
[2018-01-29 16:16:58 - ::1] SELECT * FROM cs_sys_information  ;
[2018-01-29 16:16:58 - ::1] SELECT * FROM cs_sys_information  ;
[2018-01-29 16:16:58 - ::1] SELECT * FROM cs_sys_information  ;
[2018-01-29 16:16:58 - ::1] SELECT * FROM cs_sys_information  ;
[2018-01-29 16:16:58 - ::1] SELECT * FROM cs_product  ORDER BY topTime DESC, sortTime ASC, sequence ASC, createTime DESC;
[2018-01-29 16:16:58 - ::1] SELECT * FROM cs_product  ORDER BY topTime DESC, sortTime ASC, sequence ASC, createTime DESC;
[2018-01-29 16:16:58 - ::1] SELECT * FROM cs_brand  ;
[2018-01-29 16:17:08 - ::1] SELECT * FROM cs_sys_widget WHERE id='15a6af413900b0' ;
[2018-01-29 16:17:08 - ::1] SELECT * FROM cs_sys_widget WHERE id='15a6af413900b0' ;
[2018-01-29 16:17:08 - ::1] SELECT * FROM cs_sys_information  ;
[2018-01-29 16:17:08 - ::1] SELECT * FROM cs_sys_information  ;
[2018-01-29 16:17:08 - ::1] SELECT * FROM cs_sys_information  ;
[2018-01-29 16:17:08 - ::1] SELECT * FROM cs_sys_information  ;
[2018-01-29 16:17:08 - ::1] SELECT * FROM cs_product WHERE id='15a6b1b95831a8' ;
[2018-01-29 16:17:08 - ::1] SELECT * FROM cs_product WHERE id='15a6b1b95831a8' ;
[2018-01-29 16:17:08 - ::1] SELECT * FROM cs_product WHERE id='15a6b1b95831a8' ;
[2018-01-29 16:17:08 - ::1] SELECT * FROM cs_product WHERE id='15a6b1b95831a8' ;
[2018-01-29 16:17:08 - ::1] SELECT * FROM cs_product_class WHERE id='' ;
[2018-01-29 16:17:08 - ::1] SELECT * FROM cs_product_class WHERE id='' ;
[2018-01-29 16:17:08 - ::1] DESCRIBE cs_product_class;
[2018-01-29 16:17:08 - ::1] SELECT * FROM cs_brand  ;
[2018-01-29 16:17:08 - ::1] SELECT * FROM cs_color  ;
[2018-01-29 16:17:08 - ::1] SELECT * FROM cs_size_class  ORDER BY level ASC;
[2018-01-29 16:17:08 - ::1] SELECT * FROM cs_sex  ;
[2018-01-29 16:17:08 - ::1] SELECT * FROM cs_color  ;
[2018-01-29 16:17:08 - ::1] SELECT * FROM cs_size_class  ORDER BY level ASC;
