[2018-01-30 18:15:15 - ::1] DESCRIBE cs_member;
[2018-01-30 18:15:15 - ::1] INSERT INTO cs_member (id,domainID,langID,parentID,level,jsonContent,createTime,updateTime,sortTime,sequence,topTime,email,password,name,mt4,credits,phone,country,address) VALUES ('5a7045b3d9490','','','','','','2018-01-30 18:15:15','','','','','s@qq.com','132','','456','','','','');
[2018-01-30 18:16:32 - ::1] DESCRIBE cs_member;
[2018-01-30 18:16:32 - ::1] INSERT INTO cs_member (id,domainID,langID,parentID,level,jsonContent,createTime,updateTime,sortTime,sequence,topTime,email,password,name,mt4,credits,phone,country,address) VALUES ('5a704600a3160','','','','','','2018-01-30 18:16:32','','','','','s@qq.com','132','張三','456','','','','');
[2018-01-30 18:17:11 - ::1] DESCRIBE cs_member;
[2018-01-30 18:17:11 - ::1] INSERT INTO cs_member (id,domainID,langID,parentID,level,jsonContent,createTime,updateTime,sortTime,sequence,topTime,email,password,name,mt4,credits,phone,country,address) VALUES ('5a7046275dc00','','','','','','2018-01-30 18:17:11','','','','','ee@qq.com','123','李四','789','','','','');
[2018-01-30 19:58:24 - ::1] SELECT * FROM cs_member WHERE account='' AND password='' ;
[2018-01-30 19:58:24 - ::1] SELECT * FROM cs_member WHERE account='' AND password='' ;
[2018-01-30 19:58:24 - ::1] DESCRIBE cs_member;
[2018-01-30 19:58:31 - ::1] SELECT * FROM cs_member WHERE account='' AND password='' ;
[2018-01-30 19:58:31 - ::1] SELECT * FROM cs_member WHERE account='' AND password='' ;
[2018-01-30 19:58:31 - ::1] DESCRIBE cs_member;
[2018-01-30 19:58:38 - ::1] SELECT * FROM cs_member WHERE account='' AND password='' ;
[2018-01-30 19:58:38 - ::1] SELECT * FROM cs_member WHERE account='' AND password='' ;
[2018-01-30 19:58:38 - ::1] DESCRIBE cs_member;
[2018-01-30 20:01:36 - ::1] SELECT * FROM cs_member WHERE account='' AND password='sdfdsffs' ;
[2018-01-30 20:01:36 - ::1] SELECT * FROM cs_member WHERE account='' AND password='sdfdsffs' ;
[2018-01-30 20:01:36 - ::1] DESCRIBE cs_member;
[2018-01-30 20:05:12 - ::1] SELECT * FROM cs_member WHERE account='' AND password='sdf' ;
[2018-01-30 20:05:12 - ::1] SELECT * FROM cs_member WHERE account='' AND password='sdf' ;
[2018-01-30 20:05:12 - ::1] DESCRIBE cs_member;
[2018-01-30 20:05:41 - ::1] SELECT * FROM cs_member WHERE account='' AND password='123' ;
[2018-01-30 20:05:41 - ::1] SELECT * FROM cs_member WHERE account='' AND password='123' ;
[2018-01-30 20:05:41 - ::1] DESCRIBE cs_member;
[2018-01-30 20:06:01 - ::1] SELECT * FROM cs_member WHERE account='' AND password='123' ;
[2018-01-30 20:06:01 - ::1] SELECT * FROM cs_member WHERE account='' AND password='123' ;
[2018-01-30 20:06:01 - ::1] DESCRIBE cs_member;
[2018-01-30 20:06:30 - ::1] SELECT * FROM cs_member WHERE account='' AND password='123' ;
[2018-01-30 20:06:30 - ::1] SELECT * FROM cs_member WHERE account='' AND password='123' ;
[2018-01-30 20:06:30 - ::1] DESCRIBE cs_member;
[2018-01-30 20:07:18 - ::1] SELECT * FROM cs_member WHERE name='' AND password='123' ;
[2018-01-30 20:07:18 - ::1] SELECT * FROM cs_member WHERE name='' AND password='123' ;
[2018-01-30 20:07:18 - ::1] DESCRIBE cs_member;
[2018-01-30 20:08:02 - ::1] SELECT * FROM cs_member WHERE name='ee@qq.com' AND password='123' ;
[2018-01-30 20:08:02 - ::1] SELECT * FROM cs_member WHERE name='ee@qq.com' AND password='123' ;
[2018-01-30 20:08:02 - ::1] DESCRIBE cs_member;
[2018-01-30 20:08:14 - ::1] SELECT * FROM cs_member WHERE name='ee@qq.com' AND password='123' ;
[2018-01-30 20:08:14 - ::1] SELECT * FROM cs_member WHERE name='ee@qq.com' AND password='123' ;
[2018-01-30 20:08:14 - ::1] DESCRIBE cs_member;
[2018-01-30 20:08:19 - ::1] SELECT * FROM cs_member WHERE name='ee@qq.com' AND password='123' ;
[2018-01-30 20:08:19 - ::1] SELECT * FROM cs_member WHERE name='ee@qq.com' AND password='123' ;
[2018-01-30 20:08:19 - ::1] DESCRIBE cs_member;
[2018-01-30 20:09:11 - ::1] SELECT * FROM cs_member WHERE email='ee@qq.com' AND password='123' ;
[2018-01-30 20:09:11 - ::1] SELECT * FROM cs_member WHERE email='ee@qq.com' AND password='123' ;
[2018-01-30 20:33:36 - ::1] SELECT * FROM cs_member WHERE email='ee@qq.com' AND password='123' ;
[2018-01-30 20:33:36 - ::1] SELECT * FROM cs_member WHERE email='ee@qq.com' AND password='123' ;
